<?xml version="1.0" encoding="UTF-8"?>
<!-- Generated by org.testng.reporters.JUnitReportReporter -->
<testsuite skipped="0" hostname="DESKTOP-F4SAQTQ" name="project.WoTRegister3" tests="13" failures="0" timestamp="2020-06-24T15:18:37 CEST" time="20.246" errors="0">
  <testcase name="Testofreg" time="1.280" classname="project.WoTRegister3"/>
  <system-out/>
  <testcase name="eula" time="4.015" classname="project.WoTRegister3"/>
  <system-out/>
  <testcase name="Testofwrongusername3" time="0.452" classname="project.WoTRegister3"/>
  <system-out/>
  <testcase name="Testofwrongpass1" time="1.284" classname="project.WoTRegister3"/>
  <system-out/>
  <testcase name="Testofwrongusername2" time="0.487" classname="project.WoTRegister3"/>
  <system-out/>
  <testcase name="Testofname" time="1.526" classname="project.WoTRegister3"/>
  <system-out/>
  <testcase name="Testofcorrectemail" time="7.947" classname="project.WoTRegister3"/>
  <system-out/>
  <testcase name="Testofwrongusername4" time="0.444" classname="project.WoTRegister3"/>
  <system-out/>
  <testcase name="Testofwrongusername1" time="0.513" classname="project.WoTRegister3"/>
  <system-out/>
  <testcase name="Testofwrongpass3" time="0.623" classname="project.WoTRegister3"/>
  <system-out/>
  <testcase name="Testofwrongpass2" time="0.827" classname="project.WoTRegister3"/>
  <system-out/>
  <testcase name="refail" time="0.481" classname="project.WoTRegister3"/>
  <system-out/>
  <testcase name="correct" time="0.367" classname="project.WoTRegister3"/>
  <system-out/>
</testsuite> <!-- project.WoTRegister3 -->
