<?xml version="1.0" encoding="UTF-8"?>
<!-- Generated by org.testng.reporters.JUnitReportReporter -->
<testsuite skipped="0" hostname="DESKTOP-F4SAQTQ" name="project.WoTTank" tests="23" failures="0" timestamp="2020-06-24T21:09:56 CEST" time="48.033" errors="0">
  <testcase name="Test14" time="1.918" classname="project.WoTTank"/>
  <system-out/>
  <testcase name="Test18" time="2.752" classname="project.WoTTank"/>
  <system-out/>
  <testcase name="Test13" time="1.332" classname="project.WoTTank"/>
  <system-out/>
  <testcase name="Test20" time="1.680" classname="project.WoTTank"/>
  <system-out/>
  <testcase name="Test22" time="3.616" classname="project.WoTTank"/>
  <system-out/>
  <testcase name="Test5" time="2.965" classname="project.WoTTank"/>
  <system-out/>
  <testcase name="Test1" time="2.779" classname="project.WoTTank"/>
  <system-out/>
  <testcase name="Test2" time="2.894" classname="project.WoTTank"/>
  <system-out/>
  <testcase name="Test16" time="2.628" classname="project.WoTTank"/>
  <system-out/>
  <testcase name="Test19" time="1.574" classname="project.WoTTank"/>
  <system-out/>
  <testcase name="Test6" time="5.185" classname="project.WoTTank"/>
  <system-out/>
  <testcase name="Test8" time="1.466" classname="project.WoTTank"/>
  <system-out/>
  <testcase name="Test11" time="0.983" classname="project.WoTTank"/>
  <system-out/>
  <testcase name="Test15" time="1.090" classname="project.WoTTank"/>
  <system-out/>
  <testcase name="Test9" time="0.521" classname="project.WoTTank"/>
  <system-out/>
  <testcase name="Test21" time="4.250" classname="project.WoTTank"/>
  <system-out/>
  <testcase name="Test23" time="0.954" classname="project.WoTTank"/>
  <system-out/>
  <testcase name="Test17" time="1.064" classname="project.WoTTank"/>
  <system-out/>
  <testcase name="Test12" time="1.003" classname="project.WoTTank"/>
  <system-out/>
  <testcase name="Test3" time="1.441" classname="project.WoTTank"/>
  <system-out/>
  <testcase name="Test4" time="1.810" classname="project.WoTTank"/>
  <system-out/>
  <testcase name="Test10" time="1.437" classname="project.WoTTank"/>
  <system-out/>
  <testcase name="Test7" time="2.691" classname="project.WoTTank"/>
  <system-out/>
</testsuite> <!-- project.WoTTank -->
