<?xml version="1.0" encoding="UTF-8"?>
<!-- Generated by org.testng.reporters.JUnitReportReporter -->
<testsuite skipped="0" hostname="DESKTOP-F4SAQTQ" name="project.WotLogin" tests="7" failures="0" timestamp="2020-06-24T16:19:44 CEST" time="28.637" errors="0">
  <testcase name="Testoflog" time="0.131" classname="project.WotLogin"/>
  <system-out/>
  <testcase name="loginfail" time="5.923" classname="project.WotLogin"/>
  <system-out/>
  <testcase name="loginfail2" time="0.291" classname="project.WotLogin"/>
  <system-out/>
  <testcase name="loginfail3" time="0.270" classname="project.WotLogin"/>
  <system-out/>
  <testcase name="logincorrect" time="1.561" classname="project.WotLogin"/>
  <system-out/>
  <testcase name="manage" time="14.905" classname="project.WotLogin"/>
  <system-out/>
  <testcase name="data" time="5.556" classname="project.WotLogin"/>
  <system-out/>
</testsuite> <!-- project.WotLogin -->
