<?xml version="1.0" encoding="UTF-8"?>
<!-- Generated by org.testng.reporters.JUnitReportReporter -->
<testsuite skipped="0" hostname="DESKTOP-F4SAQTQ" name="project.WoTTest" tests="1" failures="0" timestamp="2020-06-23T14:01:47 CEST" time="0.393" errors="0">
  <testcase name="Test1" time="0.393" classname="project.WoTTest"/>
  <system-out/>
</testsuite> <!-- project.WoTTest -->
